<CommonBaseEvent creationTime="2025-04-25T23:18:55.947Z" globalInstanceId="A1F0222BA96C4AB0C8CFB53162636332" msg="RPXE0001W 1 users successfully added" severity="50" version="1.0.1">
	<extendedDataElements name="CommonBaseEventLogRecord:level" type="noValue">
		<children name="CommonBaseEventLogRecord:name" type="string">
			<values>SEVERE</values>
		</children>
		<children name="CommonBaseEventLogRecord:value" type="int">
			<values>1000</values>
		</children>
	</extendedDataElements>
	<extendedDataElements name="CommonBaseEventLogRecord:sequenceNumber" type="long">
		<values>0</values>
	</extendedDataElements>
	<extendedDataElements name="CommonBaseEventLogRecord:threadID" type="int">
		<values>53</values>
	</extendedDataElements>
	<extendedDataElements name="CommonBaseEventLogRecord:loggerName" type="string">
		<values>com.ibm.rational.test.lt.core.logging.PDExecutionLog</values>
	</extendedDataElements>
	<sourceComponentId application="DevOps Test Performance" component="Performance Test Type" componentIdType="Application" executionEnvironment="Java" location="192.168.1.37" locationType="IPV4" subComponent="com.ibm.rational.test.lt.kernel_6.1.0" componentType="Hyades Data Collection Engine Application"/>
	<situation categoryName="ReportSituation">
		<situationType xmlns:xsi="http://www.w3.org/2001/XMLSchema-instance" xsi:type="ReportSituation" reasoningScope="INTERNAL" reportCategory="LOG"/>
	</situation>
</CommonBaseEvent>
<CommonBaseEvent creationTime="2025-04-25T23:19:23.204Z" globalInstanceId="A1F0222BB90CD750C8CFB53162636332" msg="RPXE0001W 7.7.300 Engine STOP reason Unknown" severity="50" version="1.0.1">
	<extendedDataElements name="CommonBaseEventLogRecord:level" type="noValue">
		<children name="CommonBaseEventLogRecord:name" type="string">
			<values>SEVERE</values>
		</children>
		<children name="CommonBaseEventLogRecord:value" type="int">
			<values>1000</values>
		</children>
	</extendedDataElements>
	<extendedDataElements name="CommonBaseEventLogRecord:sequenceNumber" type="long">
		<values>1</values>
	</extendedDataElements>
	<extendedDataElements name="CommonBaseEventLogRecord:threadID" type="int">
		<values>53</values>
	</extendedDataElements>
	<extendedDataElements name="CommonBaseEventLogRecord:loggerName" type="string">
		<values>com.ibm.rational.test.lt.core.logging.PDExecutionLog</values>
	</extendedDataElements>
	<sourceComponentId application="DevOps Test Performance" component="Performance Test Type" componentIdType="Application" executionEnvironment="Java" location="192.168.1.37" locationType="IPV4" subComponent="com.ibm.rational.test.lt.kernel_6.1.0" componentType="Hyades Data Collection Engine Application"/>
	<situation categoryName="ReportSituation">
		<situationType xmlns:xsi="http://www.w3.org/2001/XMLSchema-instance" xsi:type="ReportSituation" reasoningScope="INTERNAL" reportCategory="LOG"/>
	</situation>
</CommonBaseEvent>
<CommonBaseEvent creationTime="2025-04-25T23:19:23.204Z" globalInstanceId="A1F0222BB90D2570C8CFB53162636332" msg="RPXE0001W Problem Determination Log Statistics" severity="50" version="1.0.1">
	<extendedDataElements name="CommonBaseEventLogRecord:level" type="noValue">
		<children name="CommonBaseEventLogRecord:name" type="string">
			<values>SEVERE</values>
		</children>
		<children name="CommonBaseEventLogRecord:value" type="int">
			<values>1000</values>
		</children>
	</extendedDataElements>
	<extendedDataElements name="CommonBaseEventLogRecord:sequenceNumber" type="long">
		<values>2</values>
	</extendedDataElements>
	<extendedDataElements name="CommonBaseEventLogRecord:threadID" type="int">
		<values>53</values>
	</extendedDataElements>
	<extendedDataElements name="CommonBaseEventLogRecord:loggerName" type="string">
		<values>com.ibm.rational.test.lt.core.logging.PDExecutionLog</values>
	</extendedDataElements>
	<sourceComponentId application="DevOps Test Performance" component="Performance Test Type" componentIdType="Application" executionEnvironment="Java" location="192.168.1.37" locationType="IPV4" subComponent="com.ibm.rational.test.lt.kernel_6.1.0" componentType="Hyades Data Collection Engine Application"/>
	<situation categoryName="ReportSituation">
		<situationType xmlns:xsi="http://www.w3.org/2001/XMLSchema-instance" xsi:type="ReportSituation" reasoningScope="INTERNAL" reportCategory="LOG"/>
	</situation>
</CommonBaseEvent>
<CommonBaseEvent creationTime="2025-04-25T23:19:23.206Z" globalInstanceId="A1F0222BB90D7390C8CFB53162636332" msg="RPXE0001W PDLog rejected=0" severity="50" version="1.0.1">
	<extendedDataElements name="CommonBaseEventLogRecord:level" type="noValue">
		<children name="CommonBaseEventLogRecord:name" type="string">
			<values>SEVERE</values>
		</children>
		<children name="CommonBaseEventLogRecord:value" type="int">
			<values>1000</values>
		</children>
	</extendedDataElements>
	<extendedDataElements name="CommonBaseEventLogRecord:sequenceNumber" type="long">
		<values>3</values>
	</extendedDataElements>
	<extendedDataElements name="CommonBaseEventLogRecord:threadID" type="int">
		<values>53</values>
	</extendedDataElements>
	<extendedDataElements name="CommonBaseEventLogRecord:loggerName" type="string">
		<values>com.ibm.rational.test.lt.core.logging.PDExecutionLog</values>
	</extendedDataElements>
	<sourceComponentId application="DevOps Test Performance" component="Performance Test Type" componentIdType="Application" executionEnvironment="Java" location="192.168.1.37" locationType="IPV4" subComponent="com.ibm.rational.test.lt.kernel_6.1.0" componentType="Hyades Data Collection Engine Application"/>
	<situation categoryName="ReportSituation">
		<situationType xmlns:xsi="http://www.w3.org/2001/XMLSchema-instance" xsi:type="ReportSituation" reasoningScope="INTERNAL" reportCategory="LOG"/>
	</situation>
</CommonBaseEvent>
<CommonBaseEvent creationTime="2025-04-25T23:19:23.212Z" globalInstanceId="A1F0222BB90DE8C0C8CFB53162636332" msg="RPXE0001W BREW actions completed = 90" severity="50" version="1.0.1">
	<extendedDataElements name="CommonBaseEventLogRecord:level" type="noValue">
		<children name="CommonBaseEventLogRecord:name" type="string">
			<values>SEVERE</values>
		</children>
		<children name="CommonBaseEventLogRecord:value" type="int">
			<values>1000</values>
		</children>
	</extendedDataElements>
	<extendedDataElements name="CommonBaseEventLogRecord:sequenceNumber" type="long">
		<values>4</values>
	</extendedDataElements>
	<extendedDataElements name="CommonBaseEventLogRecord:threadID" type="int">
		<values>53</values>
	</extendedDataElements>
	<extendedDataElements name="CommonBaseEventLogRecord:loggerName" type="string">
		<values>com.ibm.rational.test.lt.core.logging.PDExecutionLog</values>
	</extendedDataElements>
	<sourceComponentId application="DevOps Test Performance" component="Performance Test Type" componentIdType="Application" executionEnvironment="Java" location="192.168.1.37" locationType="IPV4" subComponent="com.ibm.rational.test.lt.kernel_6.1.0" componentType="Hyades Data Collection Engine Application"/>
	<situation categoryName="ReportSituation">
		<situationType xmlns:xsi="http://www.w3.org/2001/XMLSchema-instance" xsi:type="ReportSituation" reasoningScope="INTERNAL" reportCategory="LOG"/>
	</situation>
</CommonBaseEvent>
<CommonBaseEvent creationTime="2025-04-25T23:19:23.212Z" globalInstanceId="A1F0222BB90E36E0C8CFB53162636332" msg="RPXE0001W BREW largest pool size = 10" severity="50" version="1.0.1">
	<extendedDataElements name="CommonBaseEventLogRecord:level" type="noValue">
		<children name="CommonBaseEventLogRecord:name" type="string">
			<values>SEVERE</values>
		</children>
		<children name="CommonBaseEventLogRecord:value" type="int">
			<values>1000</values>
		</children>
	</extendedDataElements>
	<extendedDataElements name="CommonBaseEventLogRecord:sequenceNumber" type="long">
		<values>5</values>
	</extendedDataElements>
	<extendedDataElements name="CommonBaseEventLogRecord:threadID" type="int">
		<values>53</values>
	</extendedDataElements>
	<extendedDataElements name="CommonBaseEventLogRecord:loggerName" type="string">
		<values>com.ibm.rational.test.lt.core.logging.PDExecutionLog</values>
	</extendedDataElements>
	<sourceComponentId application="DevOps Test Performance" component="Performance Test Type" componentIdType="Application" executionEnvironment="Java" location="192.168.1.37" locationType="IPV4" subComponent="com.ibm.rational.test.lt.kernel_6.1.0" componentType="Hyades Data Collection Engine Application"/>
	<situation categoryName="ReportSituation">
		<situationType xmlns:xsi="http://www.w3.org/2001/XMLSchema-instance" xsi:type="ReportSituation" reasoningScope="INTERNAL" reportCategory="LOG"/>
	</situation>
</CommonBaseEvent>
<CommonBaseEvent creationTime="2025-04-25T23:19:23.212Z" globalInstanceId="A1F0222BB90E5DF0C8CFB53162636332" msg="RPXE0001W Engine STOP commencing worker finalizers" severity="50" version="1.0.1">
	<extendedDataElements name="CommonBaseEventLogRecord:level" type="noValue">
		<children name="CommonBaseEventLogRecord:name" type="string">
			<values>SEVERE</values>
		</children>
		<children name="CommonBaseEventLogRecord:value" type="int">
			<values>1000</values>
		</children>
	</extendedDataElements>
	<extendedDataElements name="CommonBaseEventLogRecord:sequenceNumber" type="long">
		<values>6</values>
	</extendedDataElements>
	<extendedDataElements name="CommonBaseEventLogRecord:threadID" type="int">
		<values>53</values>
	</extendedDataElements>
	<extendedDataElements name="CommonBaseEventLogRecord:loggerName" type="string">
		<values>com.ibm.rational.test.lt.core.logging.PDExecutionLog</values>
	</extendedDataElements>
	<sourceComponentId application="DevOps Test Performance" component="Performance Test Type" componentIdType="Application" executionEnvironment="Java" location="192.168.1.37" locationType="IPV4" subComponent="com.ibm.rational.test.lt.kernel_6.1.0" componentType="Hyades Data Collection Engine Application"/>
	<situation categoryName="ReportSituation">
		<situationType xmlns:xsi="http://www.w3.org/2001/XMLSchema-instance" xsi:type="ReportSituation" reasoningScope="INTERNAL" reportCategory="LOG"/>
	</situation>
</CommonBaseEvent>
<CommonBaseEvent creationTime="2025-04-25T23:19:23.334Z" globalInstanceId="A1F0222BB9208660C8CFB53162636332" msg="RPXE0001W Engine STOP wait for finalizers done  completed=10 poolsize=10" severity="50" version="1.0.1">
	<extendedDataElements name="CommonBaseEventLogRecord:level" type="noValue">
		<children name="CommonBaseEventLogRecord:name" type="string">
			<values>SEVERE</values>
		</children>
		<children name="CommonBaseEventLogRecord:value" type="int">
			<values>1000</values>
		</children>
	</extendedDataElements>
	<extendedDataElements name="CommonBaseEventLogRecord:sequenceNumber" type="long">
		<values>7</values>
	</extendedDataElements>
	<extendedDataElements name="CommonBaseEventLogRecord:threadID" type="int">
		<values>53</values>
	</extendedDataElements>
	<extendedDataElements name="CommonBaseEventLogRecord:loggerName" type="string">
		<values>com.ibm.rational.test.lt.core.logging.PDExecutionLog</values>
	</extendedDataElements>
	<sourceComponentId application="DevOps Test Performance" component="Performance Test Type" componentIdType="Application" executionEnvironment="Java" location="192.168.1.37" locationType="IPV4" subComponent="com.ibm.rational.test.lt.kernel_6.1.0" componentType="Hyades Data Collection Engine Application"/>
	<situation categoryName="ReportSituation">
		<situationType xmlns:xsi="http://www.w3.org/2001/XMLSchema-instance" xsi:type="ReportSituation" reasoningScope="INTERNAL" reportCategory="LOG"/>
	</situation>
</CommonBaseEvent>
<CommonBaseEvent creationTime="2025-04-25T23:19:25.171Z" globalInstanceId="A1F0222BBA38FB40C8CFB53162636332" msg="RPXE0001W Virtual User Stop Statistics" severity="50" version="1.0.1">
	<extendedDataElements name="CommonBaseEventLogRecord:level" type="noValue">
		<children name="CommonBaseEventLogRecord:name" type="string">
			<values>SEVERE</values>
		</children>
		<children name="CommonBaseEventLogRecord:value" type="int">
			<values>1000</values>
		</children>
	</extendedDataElements>
	<extendedDataElements name="CommonBaseEventLogRecord:sequenceNumber" type="long">
		<values>8</values>
	</extendedDataElements>
	<extendedDataElements name="CommonBaseEventLogRecord:threadID" type="int">
		<values>53</values>
	</extendedDataElements>
	<extendedDataElements name="CommonBaseEventLogRecord:loggerName" type="string">
		<values>com.ibm.rational.test.lt.core.logging.PDExecutionLog</values>
	</extendedDataElements>
	<sourceComponentId application="DevOps Test Performance" component="Performance Test Type" componentIdType="Application" executionEnvironment="Java" location="192.168.1.37" locationType="IPV4" subComponent="com.ibm.rational.test.lt.kernel_6.1.0" componentType="Hyades Data Collection Engine Application"/>
	<situation categoryName="ReportSituation">
		<situationType xmlns:xsi="http://www.w3.org/2001/XMLSchema-instance" xsi:type="ReportSituation" reasoningScope="INTERNAL" reportCategory="LOG"/>
	</situation>
</CommonBaseEvent>
<CommonBaseEvent creationTime="2025-04-25T23:19:25.172Z" globalInstanceId="A1F0222BBA394960C8CFB53162636332" msg="RPXE0001W Stop reason Unknown:  1 users" severity="50" version="1.0.1">
	<extendedDataElements name="CommonBaseEventLogRecord:level" type="noValue">
		<children name="CommonBaseEventLogRecord:name" type="string">
			<values>SEVERE</values>
		</children>
		<children name="CommonBaseEventLogRecord:value" type="int">
			<values>1000</values>
		</children>
	</extendedDataElements>
	<extendedDataElements name="CommonBaseEventLogRecord:sequenceNumber" type="long">
		<values>9</values>
	</extendedDataElements>
	<extendedDataElements name="CommonBaseEventLogRecord:threadID" type="int">
		<values>53</values>
	</extendedDataElements>
	<extendedDataElements name="CommonBaseEventLogRecord:loggerName" type="string">
		<values>com.ibm.rational.test.lt.core.logging.PDExecutionLog</values>
	</extendedDataElements>
	<sourceComponentId application="DevOps Test Performance" component="Performance Test Type" componentIdType="Application" executionEnvironment="Java" location="192.168.1.37" locationType="IPV4" subComponent="com.ibm.rational.test.lt.kernel_6.1.0" componentType="Hyades Data Collection Engine Application"/>
	<situation categoryName="ReportSituation">
		<situationType xmlns:xsi="http://www.w3.org/2001/XMLSchema-instance" xsi:type="ReportSituation" reasoningScope="INTERNAL" reportCategory="LOG"/>
	</situation>
</CommonBaseEvent>
<CommonBaseEvent creationTime="2025-04-25T23:19:25.173Z" globalInstanceId="A1F0222BBA397070C8CFB53162636332" msg="RPXE0001W    [DefaultUserGroup][000001] stopped at 28909" severity="50" version="1.0.1">
	<extendedDataElements name="CommonBaseEventLogRecord:level" type="noValue">
		<children name="CommonBaseEventLogRecord:name" type="string">
			<values>SEVERE</values>
		</children>
		<children name="CommonBaseEventLogRecord:value" type="int">
			<values>1000</values>
		</children>
	</extendedDataElements>
	<extendedDataElements name="CommonBaseEventLogRecord:sequenceNumber" type="long">
		<values>10</values>
	</extendedDataElements>
	<extendedDataElements name="CommonBaseEventLogRecord:threadID" type="int">
		<values>53</values>
	</extendedDataElements>
	<extendedDataElements name="CommonBaseEventLogRecord:loggerName" type="string">
		<values>com.ibm.rational.test.lt.core.logging.PDExecutionLog</values>
	</extendedDataElements>
	<sourceComponentId application="DevOps Test Performance" component="Performance Test Type" componentIdType="Application" executionEnvironment="Java" location="192.168.1.37" locationType="IPV4" subComponent="com.ibm.rational.test.lt.kernel_6.1.0" componentType="Hyades Data Collection Engine Application"/>
	<situation categoryName="ReportSituation">
		<situationType xmlns:xsi="http://www.w3.org/2001/XMLSchema-instance" xsi:type="ReportSituation" reasoningScope="INTERNAL" reportCategory="LOG"/>
	</situation>
</CommonBaseEvent>
<CommonBaseEvent creationTime="2025-04-25T23:19:31.332Z" globalInstanceId="A1F0222BBDE4EC40C8CFB53162636332" msg="RPXE0001W *** Runner process finished normally ***   &lt;main&gt;" severity="50" version="1.0.1">
	<extendedDataElements name="CommonBaseEventLogRecord:level" type="noValue">
		<children name="CommonBaseEventLogRecord:name" type="string">
			<values>SEVERE</values>
		</children>
		<children name="CommonBaseEventLogRecord:value" type="int">
			<values>1000</values>
		</children>
	</extendedDataElements>
	<extendedDataElements name="CommonBaseEventLogRecord:sequenceNumber" type="long">
		<values>11</values>
	</extendedDataElements>
	<extendedDataElements name="CommonBaseEventLogRecord:threadID" type="int">
		<values>53</values>
	</extendedDataElements>
	<extendedDataElements name="CommonBaseEventLogRecord:loggerName" type="string">
		<values>com.ibm.rational.test.lt.core.logging.PDExecutionLog</values>
	</extendedDataElements>
	<sourceComponentId application="DevOps Test Performance" component="Performance Test Type" componentIdType="Application" executionEnvironment="Java" location="192.168.1.37" locationType="IPV4" subComponent="com.ibm.rational.test.lt.kernel_6.1.0" componentType="Hyades Data Collection Engine Application"/>
	<situation categoryName="ReportSituation">
		<situationType xmlns:xsi="http://www.w3.org/2001/XMLSchema-instance" xsi:type="ReportSituation" reasoningScope="INTERNAL" reportCategory="LOG"/>
	</situation>
</CommonBaseEvent>
