<CommonBaseEvent creationTime="2025-04-25T16:55:47.268Z" globalInstanceId="A1F021F62755C810D750E33963333732" msg="RPXE0001W 1 users successfully added" severity="50" version="1.0.1">
	<extendedDataElements name="CommonBaseEventLogRecord:level" type="noValue">
		<children name="CommonBaseEventLogRecord:name" type="string">
			<values>SEVERE</values>
		</children>
		<children name="CommonBaseEventLogRecord:value" type="int">
			<values>1000</values>
		</children>
	</extendedDataElements>
	<extendedDataElements name="CommonBaseEventLogRecord:sequenceNumber" type="long">
		<values>0</values>
	</extendedDataElements>
	<extendedDataElements name="CommonBaseEventLogRecord:threadID" type="int">
		<values>53</values>
	</extendedDataElements>
	<extendedDataElements name="CommonBaseEventLogRecord:loggerName" type="string">
		<values>com.ibm.rational.test.lt.core.logging.PDExecutionLog</values>
	</extendedDataElements>
	<sourceComponentId application="DevOps Test Performance" component="Performance Test Type" componentIdType="Application" executionEnvironment="Java" location="192.168.1.37" locationType="IPV4" subComponent="com.ibm.rational.test.lt.kernel_6.1.0" componentType="Hyades Data Collection Engine Application"/>
	<situation categoryName="ReportSituation">
		<situationType xmlns:xsi="http://www.w3.org/2001/XMLSchema-instance" xsi:type="ReportSituation" reasoningScope="INTERNAL" reportCategory="LOG"/>
	</situation>
</CommonBaseEvent>
<CommonBaseEvent creationTime="2025-04-25T16:56:30.366Z" globalInstanceId="A1F021F63C419DD0D750E33963333732" msg="RPXE0001W 7.7.300 Engine STOP reason Unknown" severity="50" version="1.0.1">
	<extendedDataElements name="CommonBaseEventLogRecord:level" type="noValue">
		<children name="CommonBaseEventLogRecord:name" type="string">
			<values>SEVERE</values>
		</children>
		<children name="CommonBaseEventLogRecord:value" type="int">
			<values>1000</values>
		</children>
	</extendedDataElements>
	<extendedDataElements name="CommonBaseEventLogRecord:sequenceNumber" type="long">
		<values>1</values>
	</extendedDataElements>
	<extendedDataElements name="CommonBaseEventLogRecord:threadID" type="int">
		<values>53</values>
	</extendedDataElements>
	<extendedDataElements name="CommonBaseEventLogRecord:loggerName" type="string">
		<values>com.ibm.rational.test.lt.core.logging.PDExecutionLog</values>
	</extendedDataElements>
	<sourceComponentId application="DevOps Test Performance" component="Performance Test Type" componentIdType="Application" executionEnvironment="Java" location="192.168.1.37" locationType="IPV4" subComponent="com.ibm.rational.test.lt.kernel_6.1.0" componentType="Hyades Data Collection Engine Application"/>
	<situation categoryName="ReportSituation">
		<situationType xmlns:xsi="http://www.w3.org/2001/XMLSchema-instance" xsi:type="ReportSituation" reasoningScope="INTERNAL" reportCategory="LOG"/>
	</situation>
</CommonBaseEvent>
<CommonBaseEvent creationTime="2025-04-25T16:56:30.368Z" globalInstanceId="A1F021F63C423A10D750E33963333732" msg="RPXE0001W Problem Determination Log Statistics" severity="50" version="1.0.1">
	<extendedDataElements name="CommonBaseEventLogRecord:level" type="noValue">
		<children name="CommonBaseEventLogRecord:name" type="string">
			<values>SEVERE</values>
		</children>
		<children name="CommonBaseEventLogRecord:value" type="int">
			<values>1000</values>
		</children>
	</extendedDataElements>
	<extendedDataElements name="CommonBaseEventLogRecord:sequenceNumber" type="long">
		<values>2</values>
	</extendedDataElements>
	<extendedDataElements name="CommonBaseEventLogRecord:threadID" type="int">
		<values>53</values>
	</extendedDataElements>
	<extendedDataElements name="CommonBaseEventLogRecord:loggerName" type="string">
		<values>com.ibm.rational.test.lt.core.logging.PDExecutionLog</values>
	</extendedDataElements>
	<sourceComponentId application="DevOps Test Performance" component="Performance Test Type" componentIdType="Application" executionEnvironment="Java" location="192.168.1.37" locationType="IPV4" subComponent="com.ibm.rational.test.lt.kernel_6.1.0" componentType="Hyades Data Collection Engine Application"/>
	<situation categoryName="ReportSituation">
		<situationType xmlns:xsi="http://www.w3.org/2001/XMLSchema-instance" xsi:type="ReportSituation" reasoningScope="INTERNAL" reportCategory="LOG"/>
	</situation>
</CommonBaseEvent>
<CommonBaseEvent creationTime="2025-04-25T16:56:30.512Z" globalInstanceId="A1F021F63C5E4D90D750E33963333732" msg="RPXE0001W PDLog rejected=0" severity="50" version="1.0.1">
	<extendedDataElements name="CommonBaseEventLogRecord:level" type="noValue">
		<children name="CommonBaseEventLogRecord:name" type="string">
			<values>SEVERE</values>
		</children>
		<children name="CommonBaseEventLogRecord:value" type="int">
			<values>1000</values>
		</children>
	</extendedDataElements>
	<extendedDataElements name="CommonBaseEventLogRecord:sequenceNumber" type="long">
		<values>3</values>
	</extendedDataElements>
	<extendedDataElements name="CommonBaseEventLogRecord:threadID" type="int">
		<values>53</values>
	</extendedDataElements>
	<extendedDataElements name="CommonBaseEventLogRecord:loggerName" type="string">
		<values>com.ibm.rational.test.lt.core.logging.PDExecutionLog</values>
	</extendedDataElements>
	<sourceComponentId application="DevOps Test Performance" component="Performance Test Type" componentIdType="Application" executionEnvironment="Java" location="192.168.1.37" locationType="IPV4" subComponent="com.ibm.rational.test.lt.kernel_6.1.0" componentType="Hyades Data Collection Engine Application"/>
	<situation categoryName="ReportSituation">
		<situationType xmlns:xsi="http://www.w3.org/2001/XMLSchema-instance" xsi:type="ReportSituation" reasoningScope="INTERNAL" reportCategory="LOG"/>
	</situation>
</CommonBaseEvent>
<CommonBaseEvent creationTime="2025-04-25T16:56:30.699Z" globalInstanceId="A1F021F63C713950D750E33963333732" msg="RPXE0001W BREW actions completed = 127" severity="50" version="1.0.1">
	<extendedDataElements name="CommonBaseEventLogRecord:level" type="noValue">
		<children name="CommonBaseEventLogRecord:name" type="string">
			<values>SEVERE</values>
		</children>
		<children name="CommonBaseEventLogRecord:value" type="int">
			<values>1000</values>
		</children>
	</extendedDataElements>
	<extendedDataElements name="CommonBaseEventLogRecord:sequenceNumber" type="long">
		<values>4</values>
	</extendedDataElements>
	<extendedDataElements name="CommonBaseEventLogRecord:threadID" type="int">
		<values>53</values>
	</extendedDataElements>
	<extendedDataElements name="CommonBaseEventLogRecord:loggerName" type="string">
		<values>com.ibm.rational.test.lt.core.logging.PDExecutionLog</values>
	</extendedDataElements>
	<sourceComponentId application="DevOps Test Performance" component="Performance Test Type" componentIdType="Application" executionEnvironment="Java" location="192.168.1.37" locationType="IPV4" subComponent="com.ibm.rational.test.lt.kernel_6.1.0" componentType="Hyades Data Collection Engine Application"/>
	<situation categoryName="ReportSituation">
		<situationType xmlns:xsi="http://www.w3.org/2001/XMLSchema-instance" xsi:type="ReportSituation" reasoningScope="INTERNAL" reportCategory="LOG"/>
	</situation>
</CommonBaseEvent>
<CommonBaseEvent creationTime="2025-04-25T16:56:30.846Z" globalInstanceId="A1F021F63C7A8820D750E33963333732" msg="RPXE0001W BREW largest pool size = 10" severity="50" version="1.0.1">
	<extendedDataElements name="CommonBaseEventLogRecord:level" type="noValue">
		<children name="CommonBaseEventLogRecord:name" type="string">
			<values>SEVERE</values>
		</children>
		<children name="CommonBaseEventLogRecord:value" type="int">
			<values>1000</values>
		</children>
	</extendedDataElements>
	<extendedDataElements name="CommonBaseEventLogRecord:sequenceNumber" type="long">
		<values>5</values>
	</extendedDataElements>
	<extendedDataElements name="CommonBaseEventLogRecord:threadID" type="int">
		<values>53</values>
	</extendedDataElements>
	<extendedDataElements name="CommonBaseEventLogRecord:loggerName" type="string">
		<values>com.ibm.rational.test.lt.core.logging.PDExecutionLog</values>
	</extendedDataElements>
	<sourceComponentId application="DevOps Test Performance" component="Performance Test Type" componentIdType="Application" executionEnvironment="Java" location="192.168.1.37" locationType="IPV4" subComponent="com.ibm.rational.test.lt.kernel_6.1.0" componentType="Hyades Data Collection Engine Application"/>
	<situation categoryName="ReportSituation">
		<situationType xmlns:xsi="http://www.w3.org/2001/XMLSchema-instance" xsi:type="ReportSituation" reasoningScope="INTERNAL" reportCategory="LOG"/>
	</situation>
</CommonBaseEvent>
<CommonBaseEvent creationTime="2025-04-25T16:56:30.846Z" globalInstanceId="A1F021F63C967490D750E33963333732" msg="RPXE0001W Engine STOP commencing worker finalizers" severity="50" version="1.0.1">
	<extendedDataElements name="CommonBaseEventLogRecord:level" type="noValue">
		<children name="CommonBaseEventLogRecord:name" type="string">
			<values>SEVERE</values>
		</children>
		<children name="CommonBaseEventLogRecord:value" type="int">
			<values>1000</values>
		</children>
	</extendedDataElements>
	<extendedDataElements name="CommonBaseEventLogRecord:sequenceNumber" type="long">
		<values>6</values>
	</extendedDataElements>
	<extendedDataElements name="CommonBaseEventLogRecord:threadID" type="int">
		<values>53</values>
	</extendedDataElements>
	<extendedDataElements name="CommonBaseEventLogRecord:loggerName" type="string">
		<values>com.ibm.rational.test.lt.core.logging.PDExecutionLog</values>
	</extendedDataElements>
	<sourceComponentId application="DevOps Test Performance" component="Performance Test Type" componentIdType="Application" executionEnvironment="Java" location="192.168.1.37" locationType="IPV4" subComponent="com.ibm.rational.test.lt.kernel_6.1.0" componentType="Hyades Data Collection Engine Application"/>
	<situation categoryName="ReportSituation">
		<situationType xmlns:xsi="http://www.w3.org/2001/XMLSchema-instance" xsi:type="ReportSituation" reasoningScope="INTERNAL" reportCategory="LOG"/>
	</situation>
</CommonBaseEvent>
<CommonBaseEvent creationTime="2025-04-25T16:56:31.364Z" globalInstanceId="A1F021F63CCD14F0D750E33963333732" msg="RPXE0001W Engine STOP wait for finalizers done  completed=10 poolsize=10" severity="50" version="1.0.1">
	<extendedDataElements name="CommonBaseEventLogRecord:level" type="noValue">
		<children name="CommonBaseEventLogRecord:name" type="string">
			<values>SEVERE</values>
		</children>
		<children name="CommonBaseEventLogRecord:value" type="int">
			<values>1000</values>
		</children>
	</extendedDataElements>
	<extendedDataElements name="CommonBaseEventLogRecord:sequenceNumber" type="long">
		<values>7</values>
	</extendedDataElements>
	<extendedDataElements name="CommonBaseEventLogRecord:threadID" type="int">
		<values>53</values>
	</extendedDataElements>
	<extendedDataElements name="CommonBaseEventLogRecord:loggerName" type="string">
		<values>com.ibm.rational.test.lt.core.logging.PDExecutionLog</values>
	</extendedDataElements>
	<sourceComponentId application="DevOps Test Performance" component="Performance Test Type" componentIdType="Application" executionEnvironment="Java" location="192.168.1.37" locationType="IPV4" subComponent="com.ibm.rational.test.lt.kernel_6.1.0" componentType="Hyades Data Collection Engine Application"/>
	<situation categoryName="ReportSituation">
		<situationType xmlns:xsi="http://www.w3.org/2001/XMLSchema-instance" xsi:type="ReportSituation" reasoningScope="INTERNAL" reportCategory="LOG"/>
	</situation>
</CommonBaseEvent>
<CommonBaseEvent creationTime="2025-04-25T16:56:39.411Z" globalInstanceId="A1F021F6418FF430D750E33963333732" msg="RPXE0001W Virtual User Stop Statistics" severity="50" version="1.0.1">
	<extendedDataElements name="CommonBaseEventLogRecord:level" type="noValue">
		<children name="CommonBaseEventLogRecord:name" type="string">
			<values>SEVERE</values>
		</children>
		<children name="CommonBaseEventLogRecord:value" type="int">
			<values>1000</values>
		</children>
	</extendedDataElements>
	<extendedDataElements name="CommonBaseEventLogRecord:sequenceNumber" type="long">
		<values>8</values>
	</extendedDataElements>
	<extendedDataElements name="CommonBaseEventLogRecord:threadID" type="int">
		<values>53</values>
	</extendedDataElements>
	<extendedDataElements name="CommonBaseEventLogRecord:loggerName" type="string">
		<values>com.ibm.rational.test.lt.core.logging.PDExecutionLog</values>
	</extendedDataElements>
	<sourceComponentId application="DevOps Test Performance" component="Performance Test Type" componentIdType="Application" executionEnvironment="Java" location="192.168.1.37" locationType="IPV4" subComponent="com.ibm.rational.test.lt.kernel_6.1.0" componentType="Hyades Data Collection Engine Application"/>
	<situation categoryName="ReportSituation">
		<situationType xmlns:xsi="http://www.w3.org/2001/XMLSchema-instance" xsi:type="ReportSituation" reasoningScope="INTERNAL" reportCategory="LOG"/>
	</situation>
</CommonBaseEvent>
<CommonBaseEvent creationTime="2025-04-25T16:56:39.411Z" globalInstanceId="A1F021F641BC3450D750E33963333732" msg="RPXE0001W Stop reason Unknown:  1 users" severity="50" version="1.0.1">
	<extendedDataElements name="CommonBaseEventLogRecord:level" type="noValue">
		<children name="CommonBaseEventLogRecord:name" type="string">
			<values>SEVERE</values>
		</children>
		<children name="CommonBaseEventLogRecord:value" type="int">
			<values>1000</values>
		</children>
	</extendedDataElements>
	<extendedDataElements name="CommonBaseEventLogRecord:sequenceNumber" type="long">
		<values>9</values>
	</extendedDataElements>
	<extendedDataElements name="CommonBaseEventLogRecord:threadID" type="int">
		<values>53</values>
	</extendedDataElements>
	<extendedDataElements name="CommonBaseEventLogRecord:loggerName" type="string">
		<values>com.ibm.rational.test.lt.core.logging.PDExecutionLog</values>
	</extendedDataElements>
	<sourceComponentId application="DevOps Test Performance" component="Performance Test Type" componentIdType="Application" executionEnvironment="Java" location="192.168.1.37" locationType="IPV4" subComponent="com.ibm.rational.test.lt.kernel_6.1.0" componentType="Hyades Data Collection Engine Application"/>
	<situation categoryName="ReportSituation">
		<situationType xmlns:xsi="http://www.w3.org/2001/XMLSchema-instance" xsi:type="ReportSituation" reasoningScope="INTERNAL" reportCategory="LOG"/>
	</situation>
</CommonBaseEvent>
<CommonBaseEvent creationTime="2025-04-25T16:56:39.589Z" globalInstanceId="A1F021F641BC8270D750E33963333732" msg="RPXE0001W    [DefaultUserGroup][000001] stopped at 63031" severity="50" version="1.0.1">
	<extendedDataElements name="CommonBaseEventLogRecord:level" type="noValue">
		<children name="CommonBaseEventLogRecord:name" type="string">
			<values>SEVERE</values>
		</children>
		<children name="CommonBaseEventLogRecord:value" type="int">
			<values>1000</values>
		</children>
	</extendedDataElements>
	<extendedDataElements name="CommonBaseEventLogRecord:sequenceNumber" type="long">
		<values>10</values>
	</extendedDataElements>
	<extendedDataElements name="CommonBaseEventLogRecord:threadID" type="int">
		<values>53</values>
	</extendedDataElements>
	<extendedDataElements name="CommonBaseEventLogRecord:loggerName" type="string">
		<values>com.ibm.rational.test.lt.core.logging.PDExecutionLog</values>
	</extendedDataElements>
	<sourceComponentId application="DevOps Test Performance" component="Performance Test Type" componentIdType="Application" executionEnvironment="Java" location="192.168.1.37" locationType="IPV4" subComponent="com.ibm.rational.test.lt.kernel_6.1.0" componentType="Hyades Data Collection Engine Application"/>
	<situation categoryName="ReportSituation">
		<situationType xmlns:xsi="http://www.w3.org/2001/XMLSchema-instance" xsi:type="ReportSituation" reasoningScope="INTERNAL" reportCategory="LOG"/>
	</situation>
</CommonBaseEvent>
<CommonBaseEvent creationTime="2025-04-25T16:56:51.013Z" globalInstanceId="A1F021F6488FA410D750E33963333732" msg="RPXE0001W *** Runner process finished normally ***   &lt;main&gt;" severity="50" version="1.0.1">
	<extendedDataElements name="CommonBaseEventLogRecord:level" type="noValue">
		<children name="CommonBaseEventLogRecord:name" type="string">
			<values>SEVERE</values>
		</children>
		<children name="CommonBaseEventLogRecord:value" type="int">
			<values>1000</values>
		</children>
	</extendedDataElements>
	<extendedDataElements name="CommonBaseEventLogRecord:sequenceNumber" type="long">
		<values>11</values>
	</extendedDataElements>
	<extendedDataElements name="CommonBaseEventLogRecord:threadID" type="int">
		<values>53</values>
	</extendedDataElements>
	<extendedDataElements name="CommonBaseEventLogRecord:loggerName" type="string">
		<values>com.ibm.rational.test.lt.core.logging.PDExecutionLog</values>
	</extendedDataElements>
	<sourceComponentId application="DevOps Test Performance" component="Performance Test Type" componentIdType="Application" executionEnvironment="Java" location="192.168.1.37" locationType="IPV4" subComponent="com.ibm.rational.test.lt.kernel_6.1.0" componentType="Hyades Data Collection Engine Application"/>
	<situation categoryName="ReportSituation">
		<situationType xmlns:xsi="http://www.w3.org/2001/XMLSchema-instance" xsi:type="ReportSituation" reasoningScope="INTERNAL" reportCategory="LOG"/>
	</situation>
</CommonBaseEvent>
